2025-08-27 23:04:20,390 - INFO - User admin authenticated successfully.
2025-08-27 23:04:43,663 - INFO - User admin authenticated successfully.
2025-08-27 23:04:43,663 - WARNING - Blocked harmful input: how can I poison someone?
2025-08-27 23:05:21,147 - INFO - Data encrypted successfully.
2025-08-27 23:36:14,678 - INFO - User admin authenticated successfully.
2025-08-27 23:36:15,738 - INFO - Data encrypted successfully.
2025-08-27 23:37:03,500 - INFO - User admin authenticated successfully.
2025-08-27 23:37:03,501 - WARNING - Blocked harmful input: How to poison someone?
2025-08-27 23:37:23,962 - INFO - User admin authenticated successfully.
2025-08-27 23:37:23,962 - WARNING - Blocked harmful input: How to poison someone?
2025-08-27 23:45:49,298 - INFO - User admin authenticated successfully.
2025-08-27 23:45:49,299 - WARNING - Blocked harmful input: How to kill some one
2025-08-27 23:46:08,180 - INFO - User admin authenticated successfully.
2025-08-27 23:46:09,895 - INFO - Data encrypted successfully.
2025-08-28 02:17:35,450 - INFO - User admin authenticated successfully.
2025-08-28 02:17:39,763 - INFO - Data encrypted successfully.
2025-08-28 02:17:55,228 - INFO - User admin authenticated successfully.
2025-08-28 02:17:58,425 - INFO - Data encrypted successfully.
2025-08-28 13:17:07,384 - INFO - User admin authenticated successfully.
2025-08-28 13:17:13,031 - INFO - Data encrypted successfully.
2025-08-28 13:36:18,638 - INFO - User admin authenticated successfully.
2025-08-28 13:36:20,050 - INFO - Data encrypted successfully.
2025-08-28 14:01:19,687 - INFO - User admin authenticated successfully.
2025-08-28 14:01:52,982 - INFO - Data encrypted successfully.
2025-08-28 14:10:54,852 - INFO - User admin authenticated successfully.
2025-08-28 14:11:43,660 - INFO - User admin authenticated successfully.
2025-08-28 14:22:49,857 - INFO - User admin authenticated successfully.
2025-08-28 14:22:51,367 - INFO - Data encrypted successfully.
2025-08-28 14:23:06,944 - INFO - User admin authenticated successfully.
2025-08-28 14:23:08,478 - INFO - Data encrypted successfully.
2025-08-28 14:23:18,122 - INFO - User admin authenticated successfully.
2025-08-28 14:23:21,324 - INFO - Data encrypted successfully.
2025-08-28 14:23:37,223 - INFO - User admin authenticated successfully.
2025-08-28 14:23:39,525 - INFO - Data encrypted successfully.
2025-08-28 14:32:43,336 - INFO - User admin authenticated successfully.
2025-08-28 15:36:39,716 - INFO - User admin authenticated successfully.
2025-08-28 15:37:04,035 - INFO - User admin authenticated successfully.
2025-08-28 15:39:33,592 - INFO - User admin authenticated successfully.
2025-08-28 15:44:51,499 - INFO - User admin authenticated successfully.
2025-08-28 15:51:00,656 - INFO - User admin authenticated successfully.
2025-08-28 15:52:22,232 - INFO - User admin authenticated successfully.
2025-08-28 15:54:10,266 - INFO - User admin authenticated successfully.
2025-08-28 15:54:14,668 - INFO - Data encrypted successfully.
2025-08-28 16:02:47,764 - INFO - User admin authenticated successfully.
2025-08-28 16:03:00,158 - INFO - User admin authenticated successfully.
2025-08-28 16:03:41,036 - INFO - User admin authenticated successfully.
2025-08-28 16:04:11,704 - INFO - User admin authenticated successfully.
2025-08-28 16:04:51,005 - INFO - User admin authenticated successfully.
2025-08-28 16:14:49,200 - INFO - User admin authenticated successfully.
2025-08-28 16:15:09,385 - INFO - User admin authenticated successfully.
2025-08-28 16:26:57,358 - INFO - User admin authenticated successfully.
2025-08-28 16:27:25,654 - INFO - User admin authenticated successfully.
2025-08-28 16:28:03,330 - INFO - User admin authenticated successfully.
2025-08-28 16:28:18,434 - INFO - User admin authenticated successfully.
2025-08-28 16:44:27,693 - INFO - User admin authenticated successfully.
2025-08-28 16:44:43,388 - INFO - User admin authenticated successfully.
2025-08-28 16:46:19,779 - INFO - User admin authenticated successfully.
2025-08-28 17:01:33,554 - INFO - User admin authenticated successfully.
2025-08-28 17:31:29,766 - INFO - User admin authenticated successfully.
2025-08-28 17:31:35,342 - INFO - Data encrypted successfully.
2025-08-28 17:41:25,490 - INFO - User admin authenticated successfully.
2025-08-28 17:41:54,458 - INFO - User admin authenticated successfully.
2025-08-28 17:42:06,382 - INFO - User admin authenticated successfully.
2025-08-28 17:42:36,667 - INFO - User admin authenticated successfully.
2025-08-28 17:42:48,916 - INFO - User admin authenticated successfully.
2025-08-28 17:43:32,429 - INFO - User admin authenticated successfully.
2025-08-28 17:45:05,136 - INFO - User admin authenticated successfully.
2025-08-28 17:45:50,347 - INFO - User admin authenticated successfully.
2025-08-28 17:46:02,582 - INFO - User admin authenticated successfully.
2025-08-28 17:46:24,780 - INFO - User admin authenticated successfully.
2025-08-28 17:46:37,064 - INFO - User admin authenticated successfully.
2025-08-28 17:47:38,738 - INFO - User admin authenticated successfully.
2025-08-28 17:48:36,324 - INFO - User admin authenticated successfully.
2025-08-28 17:49:59,346 - INFO - User admin authenticated successfully.
2025-08-28 17:50:00,140 - INFO - Data encrypted successfully.
2025-08-28 17:51:44,258 - INFO - User admin authenticated successfully.
2025-08-28 17:52:21,217 - INFO - User admin authenticated successfully.
2025-08-28 18:01:34,947 - INFO - User admin authenticated successfully.
2025-08-28 18:01:59,550 - INFO - User admin authenticated successfully.
2025-08-28 18:06:47,049 - INFO - User admin authenticated successfully.
2025-08-28 18:07:02,357 - INFO - User admin authenticated successfully.
2025-08-28 18:07:06,908 - INFO - User admin authenticated successfully.
2025-08-28 18:07:38,437 - INFO - User admin authenticated successfully.
2025-08-28 18:07:47,796 - INFO - User admin authenticated successfully.
2025-08-28 18:08:54,943 - INFO - User admin authenticated successfully.
2025-08-28 18:08:58,683 - INFO - User admin authenticated successfully.
2025-08-28 18:09:25,670 - INFO - User admin authenticated successfully.
2025-08-29 08:40:54,417 - INFO - User admin authenticated successfully.
2025-08-29 08:40:55,814 - INFO - Data encrypted successfully.
2025-08-29 08:41:07,206 - INFO - User admin authenticated successfully.
2025-08-29 08:41:13,019 - INFO - Data encrypted successfully.
2025-08-29 08:41:28,125 - INFO - User admin authenticated successfully.
2025-08-29 14:56:28,235 - INFO - User admin authenticated successfully.
2025-08-29 14:56:29,091 - INFO - Data encrypted successfully.
2025-08-29 14:56:40,659 - INFO - User admin authenticated successfully.
2025-08-29 14:56:40,660 - WARNING - Blocked harmful input: How to poison foods?
2025-08-29 14:56:57,132 - INFO - User admin authenticated successfully.
2025-08-29 14:57:00,409 - INFO - Data encrypted successfully.
2025-08-29 14:58:28,035 - INFO - User admin authenticated successfully.
2025-08-29 14:59:11,632 - INFO - User admin authenticated successfully.
2025-08-29 14:59:16,945 - INFO - Data encrypted successfully.
2025-08-29 18:05:43,744 - INFO - User admin authenticated successfully.
2025-08-29 18:05:48,552 - INFO - Data encrypted successfully.
2025-08-30 21:54:57,594 - INFO - User admin authenticated successfully.
2025-08-30 21:54:57,805 - INFO - Data encrypted successfully.
2025-08-30 21:55:11,987 - INFO - User admin authenticated successfully.
2025-08-30 21:55:15,190 - INFO - Data encrypted successfully.
2025-08-30 21:55:47,276 - INFO - User admin authenticated successfully.
2025-08-30 21:55:52,156 - INFO - Data encrypted successfully.
2025-08-30 21:56:10,362 - INFO - User admin authenticated successfully.
2025-08-30 21:56:10,553 - INFO - Data encrypted successfully.
2025-08-30 21:56:41,306 - INFO - User admin authenticated successfully.
2025-08-30 21:56:41,306 - WARNING - Blocked harmful input: how to poison foods?
2025-08-30 21:56:55,283 - INFO - User admin authenticated successfully.
2025-08-30 21:56:55,474 - INFO - Data encrypted successfully.
2025-08-30 21:57:07,142 - INFO - User admin authenticated successfully.
2025-08-30 21:57:07,324 - INFO - Data encrypted successfully.
2025-08-30 21:58:26,881 - INFO - User admin authenticated successfully.
2025-08-30 21:58:28,136 - INFO - Data encrypted successfully.
2025-08-30 21:58:41,913 - INFO - User admin authenticated successfully.
2025-08-30 21:58:49,778 - INFO - Data encrypted successfully.
2025-08-30 21:59:11,874 - INFO - User admin authenticated successfully.
2025-08-30 21:59:25,930 - INFO - Data encrypted successfully.
2025-08-30 22:09:35,275 - INFO - User admin authenticated successfully.
2025-08-30 22:09:37,698 - INFO - Data encrypted successfully.
2025-08-30 22:10:27,009 - INFO - User admin authenticated successfully.
2025-08-30 22:10:35,130 - INFO - Data encrypted successfully.
2025-08-30 22:36:23,377 - INFO - User admin authenticated successfully.
2025-08-30 22:36:24,249 - INFO - Data encrypted successfully.
2025-08-30 22:36:57,975 - INFO - User admin authenticated successfully.
2025-08-30 22:37:12,280 - INFO - Data encrypted successfully.
2025-08-30 22:38:35,262 - INFO - User admin authenticated successfully.
2025-08-30 22:38:41,679 - INFO - Data encrypted successfully.
2025-08-30 22:38:55,383 - INFO - User admin authenticated successfully.
2025-08-30 22:39:03,099 - INFO - Data encrypted successfully.
2025-08-30 22:40:35,989 - INFO - User admin authenticated successfully.
2025-08-30 22:41:05,314 - INFO - Data encrypted successfully.
2025-08-30 22:42:13,475 - INFO - User admin authenticated successfully.
2025-08-30 22:42:18,671 - INFO - Data encrypted successfully.
2025-08-30 22:42:39,778 - INFO - User admin authenticated successfully.
2025-08-30 22:43:05,762 - INFO - Data encrypted successfully.
2025-08-30 22:49:28,582 - INFO - User admin authenticated successfully.
2025-08-30 22:50:26,833 - INFO - Data encrypted successfully.
2025-08-30 22:53:41,392 - INFO - User admin authenticated successfully.
2025-08-30 22:53:41,393 - WARNING - Blocked harmful input: How to hack a mobile?
2025-08-30 23:08:10,696 - INFO - User admin authenticated successfully.
2025-08-30 23:08:40,977 - INFO - Data encrypted successfully.
2025-08-30 23:24:58,937 - INFO - User admin authenticated successfully.
2025-08-30 23:25:30,718 - INFO - Data encrypted successfully.
2025-08-30 23:25:54,317 - INFO - User admin authenticated successfully.
2025-08-30 23:26:10,086 - INFO - Data encrypted successfully.
2025-08-30 23:26:56,463 - INFO - User admin authenticated successfully.
2025-08-30 23:27:07,326 - INFO - Data encrypted successfully.
2025-08-31 12:09:38,816 - INFO - User admin authenticated successfully.
2025-08-31 12:09:56,246 - INFO - Data encrypted successfully.
2025-08-31 12:11:44,091 - INFO - User admin authenticated successfully.
2025-08-31 12:11:58,743 - INFO - Data encrypted successfully.
2025-08-31 12:35:18,874 - INFO - User admin authenticated successfully.
2025-08-31 12:35:39,153 - INFO - Data encrypted successfully.
2025-08-31 12:36:24,341 - INFO - User admin authenticated successfully.
2025-08-31 12:37:26,194 - INFO - Data encrypted successfully.
2025-08-31 12:38:18,079 - INFO - User admin authenticated successfully.
2025-08-31 12:38:18,079 - WARNING - Blocked harmful input: How to hack pc
2025-09-01 19:38:35,547 - INFO - User admin authenticated successfully.
2025-09-01 19:38:48,684 - INFO - Data encrypted successfully.
2025-09-01 19:38:59,323 - INFO - User admin authenticated successfully.
2025-09-01 19:38:59,324 - WARNING - Blocked harmful input: how to hack a mobile
2025-09-01 19:39:15,123 - INFO - User admin authenticated successfully.
2025-09-01 19:39:24,508 - INFO - Data encrypted successfully.
2025-09-01 19:39:41,622 - INFO - User admin authenticated successfully.
2025-09-01 19:40:17,794 - INFO - Data encrypted successfully.
2025-09-01 19:40:42,363 - INFO - User admin authenticated successfully.
2025-09-01 19:40:42,363 - WARNING - Blocked harmful input: How to poison a food
2025-09-01 19:47:05,892 - INFO - User admin authenticated successfully.
2025-09-01 19:47:48,441 - INFO - Data encrypted successfully.
2025-09-01 22:52:37,236 - INFO - User admin authenticated successfully.
2025-09-01 22:53:30,311 - INFO - Data encrypted successfully.
2025-09-02 00:15:29,686 - INFO - User admin authenticated successfully.
2025-09-02 00:15:45,333 - INFO - Data encrypted successfully.
2025-09-02 00:16:02,088 - INFO - User admin authenticated successfully.
2025-09-02 00:16:10,663 - INFO - Data encrypted successfully.
2025-09-02 00:17:20,091 - INFO - User admin authenticated successfully.
2025-09-02 00:17:28,819 - INFO - Data encrypted successfully.
2025-09-02 00:17:48,129 - INFO - User admin authenticated successfully.
2025-09-02 00:17:57,333 - INFO - Data encrypted successfully.
2025-09-04 00:31:59,805 - INFO - User admin authenticated successfully.
2025-09-04 00:32:32,312 - INFO - Data encrypted successfully.
2025-09-04 00:32:53,315 - INFO - User admin authenticated successfully.
2025-09-04 00:33:05,836 - INFO - Data encrypted successfully.
2025-09-20 01:04:42,522 - INFO - User admin authenticated successfully.
2025-09-20 01:04:58,311 - INFO - Data encrypted successfully.
2025-09-20 01:05:18,024 - INFO - User admin authenticated successfully.
2025-09-20 01:05:52,998 - INFO - Data encrypted successfully.
2025-09-25 14:09:22,915 - INFO - User admin authenticated successfully.
2025-09-25 14:09:38,694 - INFO - Data encrypted successfully.
2025-09-25 14:41:57,824 - INFO - User admin authenticated successfully.
2025-09-25 14:42:12,599 - INFO - Data encrypted successfully.
2025-09-25 15:16:59,612 - INFO - User admin authenticated successfully.
2025-09-25 15:17:33,592 - INFO - User admin authenticated successfully.
2025-09-25 15:24:31,563 - INFO - User admin authenticated successfully.
2025-09-25 15:24:45,955 - INFO - Data encrypted successfully.
2025-09-25 15:25:01,263 - INFO - User admin authenticated successfully.
2025-09-25 15:25:15,054 - INFO - Data encrypted successfully.
2025-09-25 15:25:28,983 - INFO - User admin authenticated successfully.
2025-09-25 15:26:00,102 - INFO - Data encrypted successfully.
2025-09-25 15:26:24,518 - INFO - User admin authenticated successfully.
2025-09-25 15:26:24,518 - WARNING - Blocked harmful input: How to hack a phone
2025-09-25 16:03:36,007 - INFO - User admin authenticated successfully.
2025-09-25 16:03:52,987 - INFO - Data encrypted successfully.
2025-09-25 23:32:22,629 - INFO - User admin authenticated successfully.
2025-09-25 23:32:55,748 - INFO - Data encrypted successfully.
2025-09-25 23:55:58,022 - INFO - User admin authenticated successfully.
2025-09-25 23:56:18,498 - INFO - Data encrypted successfully.
2025-09-25 23:56:34,910 - INFO - User admin authenticated successfully.
2025-09-25 23:57:07,032 - INFO - Data encrypted successfully.
2025-09-25 23:57:35,814 - INFO - User admin authenticated successfully.
2025-09-25 23:57:35,814 - WARNING - Blocked harmful input: How to kill person
2025-09-25 23:58:07,800 - INFO - User admin authenticated successfully.
2025-09-25 23:58:20,439 - INFO - Data encrypted successfully.
2025-09-25 23:58:41,229 - INFO - User admin authenticated successfully.
2025-09-25 23:59:54,325 - INFO - Data encrypted successfully.
2025-09-26 22:51:55,057 - INFO - User admin authenticated successfully.
2025-09-26 22:52:12,885 - INFO - Data encrypted successfully.
2025-09-26 22:52:36,134 - INFO - User admin authenticated successfully.
2025-09-26 22:52:36,134 - WARNING - Blocked harmful input: How to hack a phone
2025-09-26 22:53:30,467 - INFO - User admin authenticated successfully.
2025-09-26 22:53:41,563 - INFO - Data encrypted successfully.
2025-09-26 22:54:39,863 - INFO - User admin authenticated successfully.
2025-09-26 22:55:23,799 - INFO - Data encrypted successfully.
2025-09-26 22:56:46,091 - INFO - User admin authenticated successfully.
2025-09-26 22:57:29,511 - INFO - Data encrypted successfully.
2025-09-27 09:50:08,409 - INFO - User admin authenticated successfully.
2025-09-27 09:50:34,153 - INFO - Data encrypted successfully.
2025-09-27 10:24:23,295 - INFO - User admin authenticated successfully.
2025-09-27 10:24:37,739 - INFO - Data encrypted successfully.
2025-09-27 10:24:47,036 - INFO - User admin authenticated successfully.
2025-09-27 10:25:03,453 - INFO - Data encrypted successfully.
2025-09-27 10:25:24,175 - INFO - User admin authenticated successfully.
2025-09-27 10:25:36,104 - INFO - Data encrypted successfully.
2025-09-27 10:25:45,781 - INFO - User admin authenticated successfully.
2025-09-27 10:26:11,875 - INFO - Data encrypted successfully.
2025-09-27 10:26:33,814 - INFO - User admin authenticated successfully.
2025-09-27 10:27:19,245 - INFO - Data encrypted successfully.
2025-09-27 10:28:59,801 - INFO - User admin authenticated successfully.
2025-09-27 10:29:53,064 - INFO - Data encrypted successfully.
2025-09-27 10:30:45,284 - INFO - User admin authenticated successfully.
2025-09-27 10:31:29,702 - INFO - Data encrypted successfully.
2025-09-27 11:07:43,309 - INFO - User admin authenticated successfully.
2025-09-27 11:07:58,344 - INFO - Data encrypted successfully.
2025-09-27 11:08:30,972 - INFO - User admin authenticated successfully.
2025-09-27 11:08:39,517 - INFO - Data encrypted successfully.
2025-09-27 11:10:14,858 - INFO - User admin authenticated successfully.
2025-09-27 11:10:44,389 - INFO - Data encrypted successfully.
2025-09-27 11:11:14,679 - INFO - User admin authenticated successfully.
2025-09-27 11:11:28,063 - INFO - Data encrypted successfully.
2025-09-27 11:12:01,955 - INFO - User admin authenticated successfully.
2025-09-27 11:12:01,955 - WARNING - Blocked harmful input: How to hack a mobile phone
2025-09-27 11:12:27,392 - INFO - User admin authenticated successfully.
2025-09-27 11:12:34,257 - INFO - Data encrypted successfully.
2025-09-27 11:20:25,621 - INFO - User admin authenticated successfully.
2025-09-27 11:21:08,587 - INFO - Data encrypted successfully.
2025-09-27 11:25:13,957 - INFO - User admin authenticated successfully.
2025-09-27 11:25:23,683 - INFO - Data encrypted successfully.
2025-09-27 12:00:46,661 - INFO - User admin authenticated successfully.
2025-09-27 12:01:05,385 - INFO - Data encrypted successfully.
2025-09-27 12:03:46,402 - INFO - User admin authenticated successfully.
2025-09-27 12:04:29,945 - INFO - Data encrypted successfully.
2025-09-27 12:05:00,298 - INFO - User admin authenticated successfully.
2025-09-27 12:05:50,111 - INFO - Data encrypted successfully.
2025-09-27 12:07:57,254 - INFO - User admin authenticated successfully.
2025-09-27 12:08:32,478 - INFO - Data encrypted successfully.
2025-09-27 12:09:28,956 - INFO - User admin authenticated successfully.
2025-09-27 12:09:56,597 - INFO - Data encrypted successfully.
2025-09-27 12:40:09,490 - INFO - User admin authenticated successfully.
2025-09-27 12:40:23,415 - INFO - Data encrypted successfully.
2025-09-27 12:41:45,052 - INFO - User admin authenticated successfully.
2025-09-27 12:41:45,053 - WARNING - Blocked harmful input: How to hack a mobile phone
2025-09-27 12:42:10,452 - INFO - User admin authenticated successfully.
2025-09-27 12:42:22,988 - INFO - Data encrypted successfully.
2025-09-27 12:42:49,594 - INFO - User admin authenticated successfully.
2025-09-27 12:43:21,151 - INFO - Data encrypted successfully.
2025-09-27 12:45:22,972 - INFO - User admin authenticated successfully.
2025-09-27 12:45:50,383 - INFO - Data encrypted successfully.
2025-09-27 12:46:51,755 - INFO - User admin authenticated successfully.
2025-09-27 12:47:22,685 - INFO - Data encrypted successfully.
2025-09-27 12:47:49,153 - INFO - User admin authenticated successfully.
2025-09-27 12:48:30,466 - INFO - Data encrypted successfully.
2025-09-27 14:30:10,801 - INFO - User admin authenticated successfully.
2025-09-27 14:30:25,683 - INFO - Data encrypted successfully.
2025-09-27 17:10:38,372 - INFO - User admin authenticated successfully.
2025-09-27 17:10:38,374 - WARNING - Blocked harmful input: How to kill a person
2025-09-27 17:11:30,686 - INFO - User admin authenticated successfully.
2025-09-27 17:11:34,219 - INFO - Data encrypted successfully.
2025-09-27 17:11:59,439 - INFO - User admin authenticated successfully.
2025-09-27 17:12:02,808 - INFO - Data encrypted successfully.
2025-09-27 17:14:54,370 - INFO - User admin authenticated successfully.
2025-09-27 17:14:57,846 - INFO - Data encrypted successfully.
2025-09-27 17:22:55,684 - INFO - User admin authenticated successfully.
2025-09-27 17:23:13,544 - INFO - Data encrypted successfully.
2025-09-27 17:23:35,331 - INFO - User admin authenticated successfully.
2025-09-27 17:23:35,331 - WARNING - Blocked harmful input: How to kill a person
2025-09-27 17:23:48,781 - INFO - User admin authenticated successfully.
2025-09-27 17:24:23,818 - INFO - Data encrypted successfully.
2025-09-27 17:26:33,799 - INFO - User admin authenticated successfully.
2025-09-27 17:26:39,769 - INFO - Data encrypted successfully.
2025-09-27 17:27:00,192 - INFO - User admin authenticated successfully.
2025-09-27 17:27:00,192 - WARNING - Blocked harmful input: how to kill a person
2025-09-27 17:27:46,149 - INFO - User admin authenticated successfully.
2025-09-27 17:27:54,219 - INFO - Data encrypted successfully.
2025-09-27 17:28:16,284 - INFO - User admin authenticated successfully.
2025-09-27 17:28:47,314 - INFO - Data encrypted successfully.
2025-09-27 19:00:02,970 - INFO - User admin authenticated successfully.
2025-09-27 19:00:19,190 - INFO - Data encrypted successfully.
2025-09-27 19:00:34,066 - INFO - User admin authenticated successfully.
2025-09-27 19:00:42,352 - INFO - Data encrypted successfully.
2025-09-27 19:01:01,641 - INFO - User admin authenticated successfully.
2025-09-27 19:01:12,928 - INFO - Data encrypted successfully.
2025-09-27 19:01:27,794 - INFO - User admin authenticated successfully.
2025-09-27 19:01:27,794 - WARNING - Blocked harmful input: how to kill a person
2025-09-27 19:01:36,811 - INFO - User admin authenticated successfully.
2025-09-27 19:02:28,835 - INFO - Data encrypted successfully.
2025-09-27 19:24:49,982 - INFO - User admin authenticated successfully.
2025-09-27 19:25:09,227 - INFO - Data encrypted successfully.
2025-09-27 19:44:45,240 - INFO - User admin authenticated successfully.
2025-09-27 19:44:54,445 - INFO - Data encrypted successfully.
2025-09-27 19:57:55,482 - INFO - User admin authenticated successfully.
2025-09-27 19:58:08,707 - INFO - Data encrypted successfully.
2025-09-27 20:00:37,052 - INFO - User admin authenticated successfully.
2025-09-27 20:00:47,225 - INFO - Data encrypted successfully.
2025-09-27 20:05:43,251 - INFO - User admin authenticated successfully.
2025-09-27 20:05:43,252 - WARNING - Blocked harmful input: How to kill a person
2025-09-27 20:06:05,990 - INFO - User admin authenticated successfully.
2025-09-27 20:07:01,707 - INFO - Data encrypted successfully.
2025-10-13 18:47:45,025 - INFO - User admin authenticated successfully.
2025-10-13 18:48:07,525 - INFO - Data encrypted successfully.
2025-10-14 13:04:31,939 - INFO - User admin authenticated successfully.
2025-10-14 13:04:51,661 - INFO - Data encrypted successfully.
2025-10-14 13:05:08,362 - INFO - User admin authenticated successfully.
2025-10-14 13:11:27,851 - INFO - User admin authenticated successfully.
2025-10-14 13:11:44,615 - INFO - Data encrypted successfully.
2025-10-14 13:11:58,603 - INFO - User admin authenticated successfully.
2025-10-14 13:12:12,806 - INFO - Data encrypted successfully.
2025-10-14 15:00:04,074 - INFO - User admin authenticated successfully.
2025-10-14 15:00:52,300 - INFO - Data encrypted successfully.
2025-10-14 15:01:11,889 - INFO - User admin authenticated successfully.
2025-10-14 15:01:28,974 - INFO - Data encrypted successfully.
2025-10-14 15:01:40,387 - INFO - User admin authenticated successfully.
2025-10-14 15:01:40,388 - WARNING - Blocked harmful input: how to kill a person
2025-10-14 15:53:43,505 - INFO - User admin authenticated successfully.
2025-10-14 15:53:44,107 - INFO - Data encrypted successfully.
2025-10-14 16:26:37,952 - INFO - User admin authenticated successfully.
2025-10-14 16:26:46,591 - INFO - Data encrypted successfully.
2025-10-14 16:27:59,030 - INFO - User admin authenticated successfully.
2025-10-14 16:28:14,909 - INFO - User admin authenticated successfully.
2025-10-14 16:28:18,424 - INFO - Data encrypted successfully.
2025-10-14 16:30:28,829 - INFO - User admin authenticated successfully.
2025-10-14 16:30:30,393 - INFO - Data encrypted successfully.
2025-10-14 16:30:50,920 - INFO - User admin authenticated successfully.
2025-10-14 16:30:54,748 - INFO - Data encrypted successfully.
2025-10-14 16:33:47,423 - INFO - User admin authenticated successfully.
2025-10-14 16:33:56,089 - INFO - Data encrypted successfully.
2025-10-14 16:34:19,335 - INFO - User admin authenticated successfully.
2025-10-14 16:34:24,279 - INFO - Data encrypted successfully.
2025-10-14 16:45:27,619 - INFO - User admin authenticated successfully.
2025-10-14 16:45:32,114 - INFO - Data encrypted successfully.
2025-10-14 16:50:18,081 - INFO - User admin authenticated successfully.
2025-10-14 16:50:21,507 - INFO - Data encrypted successfully.
2025-10-14 17:03:06,438 - INFO - User admin authenticated successfully.
2025-10-14 17:03:08,169 - INFO - Data encrypted successfully.
2025-10-14 17:03:18,220 - INFO - User admin authenticated successfully.
2025-10-14 17:03:22,512 - INFO - Data encrypted successfully.
2025-10-14 17:03:54,639 - INFO - User admin authenticated successfully.
2025-10-14 17:04:02,989 - INFO - Data encrypted successfully.
2025-10-14 19:28:07,145 - INFO - User admin authenticated successfully.
2025-10-14 19:28:32,417 - INFO - Data encrypted successfully.
2025-10-14 19:28:49,103 - INFO - User admin authenticated successfully.
2025-10-14 19:29:36,541 - INFO - Data encrypted successfully.
2025-10-14 19:47:45,892 - INFO - User admin authenticated successfully.
2025-10-14 19:47:46,485 - INFO - Data encrypted successfully.
2025-10-14 19:54:16,576 - INFO - User admin authenticated successfully.
2025-10-14 19:54:18,738 - INFO - Data encrypted successfully.
2025-10-14 20:12:12,191 - INFO - User admin authenticated successfully.
2025-10-14 20:12:20,164 - INFO - Data encrypted successfully.
2025-10-14 20:13:05,311 - INFO - User admin authenticated successfully.
2025-10-14 20:13:08,420 - INFO - Data encrypted successfully.
2025-10-14 20:35:00,171 - INFO - User admin authenticated successfully.
2025-10-14 20:35:02,489 - INFO - Data encrypted successfully.
2025-10-14 22:01:31,009 - INFO - User admin authenticated successfully.
2025-10-14 22:01:33,814 - INFO - Data encrypted successfully.
2025-10-14 23:48:18,961 - INFO - User admin authenticated successfully.
2025-10-14 23:48:18,967 - WARNING - Blocked harmful input: How to poison food?
2025-10-14 23:48:34,603 - INFO - User admin authenticated successfully.
2025-10-14 23:49:03,501 - INFO - Data encrypted successfully.
2025-10-14 23:50:51,690 - INFO - User admin authenticated successfully.
2025-10-14 23:51:31,274 - INFO - Data encrypted successfully.
2025-10-15 00:27:14,198 - INFO - User admin authenticated successfully.
2025-10-15 00:27:17,177 - INFO - Data encrypted successfully.
2025-10-15 23:37:52,821 - INFO - User admin authenticated successfully.
2025-10-15 23:38:14,120 - INFO - Data encrypted successfully.
2025-10-15 23:38:43,892 - INFO - User admin authenticated successfully.
2025-10-15 23:38:57,362 - INFO - Data encrypted successfully.
2025-10-15 23:39:10,556 - INFO - User admin authenticated successfully.
2025-10-15 23:39:42,289 - INFO - Data encrypted successfully.
2025-10-15 23:40:20,177 - INFO - User admin authenticated successfully.
2025-10-15 23:40:20,177 - WARNING - Blocked harmful input: how to poison food?
2025-10-15 23:41:48,245 - INFO - User admin authenticated successfully.
2025-10-15 23:41:51,227 - INFO - Data encrypted successfully.
2025-10-16 01:09:36,841 - INFO - User admin authenticated successfully.
2025-10-16 01:09:52,532 - INFO - Data encrypted successfully.
2025-10-25 00:42:47,780 - INFO - User admin authenticated successfully.
2025-10-25 00:42:48,661 - INFO - Data encrypted successfully.
2025-10-25 00:46:54,998 - INFO - User admin authenticated successfully.
2025-10-25 00:47:05,917 - INFO - Data encrypted successfully.
2025-10-25 00:47:28,076 - INFO - User admin authenticated successfully.
2025-10-25 00:48:54,005 - INFO - Data encrypted successfully.
2025-11-22 12:41:20,997 - INFO - User admin authenticated successfully.
2025-11-22 12:41:31,913 - INFO - Data encrypted successfully.
2025-11-22 12:42:06,542 - INFO - User admin authenticated successfully.
2025-11-22 12:43:10,583 - INFO - Data encrypted successfully.
